<?xml version="1.0" encoding="UTF-8"?>
<testsuite xmlns:xsi="http://www.w3.org/2001/XMLSchema-instance" xsi:noNamespaceSchemaLocation="https://maven.apache.org/surefire/maven-surefire-plugin/xsd/surefire-test-report-3.0.xsd" version="3.0" name="com.banco.CadastroTest" time="0.036" tests="6" errors="0" skipped="0" failures="0">
  <properties>
    <property name="java.specification.version" value="24"/>
    <property name="sun.jnu.encoding" value="UTF-8"/>
    <property name="java.class.path" value="/Volumes/WD Elements/00 VScode_UniBH_Alura_Concursos_wd/2025_1/trabalhoA3/demo-banco/target/test-classes:/Volumes/WD Elements/00 VScode_UniBH_Alura_Concursos_wd/2025_1/trabalhoA3/demo-banco/target/classes:/Users/sergiopavanelli/.m2/repository/org/junit/jupiter/junit-jupiter-api/5.10.0/junit-jupiter-api-5.10.0.jar:/Users/sergiopavanelli/.m2/repository/org/opentest4j/opentest4j/1.3.0/opentest4j-1.3.0.jar:/Users/sergiopavanelli/.m2/repository/org/junit/platform/junit-platform-commons/1.10.0/junit-platform-commons-1.10.0.jar:/Users/sergiopavanelli/.m2/repository/org/apiguardian/apiguardian-api/1.1.2/apiguardian-api-1.1.2.jar:/Users/sergiopavanelli/.m2/repository/org/junit/jupiter/junit-jupiter-engine/5.10.0/junit-jupiter-engine-5.10.0.jar:/Users/sergiopavanelli/.m2/repository/org/junit/platform/junit-platform-engine/1.10.0/junit-platform-engine-1.10.0.jar:/Users/sergiopavanelli/.m2/repository/org/junit/jupiter/junit-jupiter-params/5.10.0/junit-jupiter-params-5.10.0.jar:"/>
    <property name="java.vm.vendor" value="Homebrew"/>
    <property name="sun.arch.data.model" value="64"/>
    <property name="java.vendor.url" value="https://github.com/Homebrew/homebrew-core/issues"/>
    <property name="os.name" value="Mac OS X"/>
    <property name="java.vm.specification.version" value="24"/>
    <property name="sun.java.launcher" value="SUN_STANDARD"/>
    <property name="user.country" value="BR"/>
    <property name="sun.boot.library.path" value="/opt/homebrew/Cellar/openjdk/24.0.1/libexec/openjdk.jdk/Contents/Home/lib"/>
    <property name="sun.java.command" value="/Volumes/WD Elements/00 VScode_UniBH_Alura_Concursos_wd/2025_1/trabalhoA3/demo-banco/target/surefire/surefirebooter16868724488843877033.jar /Volumes/WD Elements/00 VScode_UniBH_Alura_Concursos_wd/2025_1/trabalhoA3/demo-banco/target/surefire 2025-06-10T14-22-18_817-jvmRun1 surefire16754229805646020300tmp surefire_011993991854021667331tmp"/>
    <property name="http.nonProxyHosts" value="local|*.local|169.254/16|*.169.254/16"/>
    <property name="jdk.debug" value="release"/>
    <property name="surefire.test.class.path" value="/Volumes/WD Elements/00 VScode_UniBH_Alura_Concursos_wd/2025_1/trabalhoA3/demo-banco/target/test-classes:/Volumes/WD Elements/00 VScode_UniBH_Alura_Concursos_wd/2025_1/trabalhoA3/demo-banco/target/classes:/Users/sergiopavanelli/.m2/repository/org/junit/jupiter/junit-jupiter-api/5.10.0/junit-jupiter-api-5.10.0.jar:/Users/sergiopavanelli/.m2/repository/org/opentest4j/opentest4j/1.3.0/opentest4j-1.3.0.jar:/Users/sergiopavanelli/.m2/repository/org/junit/platform/junit-platform-commons/1.10.0/junit-platform-commons-1.10.0.jar:/Users/sergiopavanelli/.m2/repository/org/apiguardian/apiguardian-api/1.1.2/apiguardian-api-1.1.2.jar:/Users/sergiopavanelli/.m2/repository/org/junit/jupiter/junit-jupiter-engine/5.10.0/junit-jupiter-engine-5.10.0.jar:/Users/sergiopavanelli/.m2/repository/org/junit/platform/junit-platform-engine/1.10.0/junit-platform-engine-1.10.0.jar:/Users/sergiopavanelli/.m2/repository/org/junit/jupiter/junit-jupiter-params/5.10.0/junit-jupiter-params-5.10.0.jar:"/>
    <property name="sun.cpu.endian" value="little"/>
    <property name="user.home" value="/Users/sergiopavanelli"/>
    <property name="user.language" value="pt"/>
    <property name="java.specification.vendor" value="Oracle Corporation"/>
    <property name="java.version.date" value="2025-04-15"/>
    <property name="java.home" value="/opt/homebrew/Cellar/openjdk/24.0.1/libexec/openjdk.jdk/Contents/Home"/>
    <property name="file.separator" value="/"/>
    <property name="basedir" value="/Volumes/WD Elements/00 VScode_UniBH_Alura_Concursos_wd/2025_1/trabalhoA3/demo-banco"/>
    <property name="java.vm.compressedOopsMode" value="Zero based"/>
    <property name="line.separator" value="&#10;"/>
    <property name="java.vm.specification.vendor" value="Oracle Corporation"/>
    <property name="java.specification.name" value="Java Platform API Specification"/>
    <property name="apple.awt.application.name" value="ForkedBooter"/>
    <property name="surefire.real.class.path" value="/Volumes/WD Elements/00 VScode_UniBH_Alura_Concursos_wd/2025_1/trabalhoA3/demo-banco/target/surefire/surefirebooter16868724488843877033.jar"/>
    <property name="sun.management.compiler" value="HotSpot 64-Bit Tiered Compilers"/>
    <property name="ftp.nonProxyHosts" value="local|*.local|169.254/16|*.169.254/16"/>
    <property name="java.runtime.version" value="24.0.1"/>
    <property name="user.name" value="sergiopavanelli"/>
    <property name="stdout.encoding" value="UTF-8"/>
    <property name="path.separator" value=":"/>
    <property name="os.version" value="15.5"/>
    <property name="java.runtime.name" value="OpenJDK Runtime Environment"/>
    <property name="file.encoding" value="UTF-8"/>
    <property name="java.vm.name" value="OpenJDK 64-Bit Server VM"/>
    <property name="java.vendor.version" value="Homebrew"/>
    <property name="localRepository" value="/Users/sergiopavanelli/.m2/repository"/>
    <property name="java.vendor.url.bug" value="https://github.com/Homebrew/homebrew-core/issues"/>
    <property name="java.io.tmpdir" value="/var/folders/jp/d2v22ldj4kd67xybhwn7v2gw0000gn/T/"/>
    <property name="java.version" value="24.0.1"/>
    <property name="user.dir" value="/Volumes/WD Elements/00 VScode_UniBH_Alura_Concursos_wd/2025_1/trabalhoA3/demo-banco"/>
    <property name="os.arch" value="aarch64"/>
    <property name="java.vm.specification.name" value="Java Virtual Machine Specification"/>
    <property name="native.encoding" value="UTF-8"/>
    <property name="java.library.path" value="/Users/sergiopavanelli/Library/Java/Extensions:/Library/Java/Extensions:/Network/Library/Java/Extensions:/System/Library/Java/Extensions:/usr/lib/java:."/>
    <property name="java.vm.info" value="mixed mode, sharing"/>
    <property name="stderr.encoding" value="UTF-8"/>
    <property name="java.vendor" value="Homebrew"/>
    <property name="java.vm.version" value="24.0.1"/>
    <property name="sun.io.unicode.encoding" value="UnicodeBig"/>
    <property name="socksNonProxyHosts" value="local|*.local|169.254/16|*.169.254/16"/>
    <property name="java.class.version" value="68.0"/>
  </properties>
  <testcase name="CTF03_tentarSacarValorMaiorQueSaldoContaCorrente" classname="com.banco.CadastroTest" time="0.007"/>
  <testcase name="CTF04_tentarDepositarValorNegativoContaCorrente" classname="com.banco.CadastroTest" time="0.001"/>
  <testcase name="CTF06_tentarEscolherAgenciaInexistente" classname="com.banco.CadastroTest" time="0.014">
    <system-err><![CDATA[DEBUG: Tentando ler a AGÊNCIA...
DEBUG: LIDO INT: 4
DEBUG: Tentando ler a AGÊNCIA...
DEBUG: LIDO INT: 1
DEBUG: Tentando ler o NOME...
DEBUG: Tentando ler OPÇÃO TIPO DE PESSOA...
DEBUG: LIDO INT: 2
DEBUG: Tentando ler CPF...
DEBUG: LIDO LONG: 98765432109
DEBUG: Tentando ler OPÇÃO CRIAR CONTA CORRENTE...
DEBUG: LIDO INT: 2
DEBUG: Tentando ler OPÇÃO CRIAR CONTA POUPANÇA...
DEBUG: LIDO INT: 2

--- Saída Capturada para CTF06 (DEBUG) ---
Informe qual a agência você deseja criar conta. Agências disponíveis: 1, 2 e 3
Agência inválida. Por favor, digite 1, 2 ou 3.
Informe qual a agência você deseja criar conta. Agências disponíveis: 1, 2 e 3
Informe o nome da Pessoa:
Deseja criar a conta para pessoa jurídica ou física? 
Digite 
1: Jurídica 
2: Física
Informe o CPF:
Deseja criar conta corrente? Digite 1 - sim e 2 - não
Deseja criar conta poupança? Digite 1 - sim e 2 - não
-------------------------------------------

]]></system-err>
  </testcase>
  <testcase name="CTF05_criarMultiplasContasParaMesmaPessoaFisica" classname="com.banco.CadastroTest" time="0.005">
    <system-err><![CDATA[DEBUG: Tentando ler a AGÊNCIA...
DEBUG: LIDO INT: 1
DEBUG: Tentando ler o NOME...
DEBUG: Tentando ler OPÇÃO TIPO DE PESSOA...
DEBUG: LIDO INT: 2
DEBUG: Tentando ler CPF...
DEBUG: LIDO LONG: 10987654321
DEBUG: Tentando ler OPÇÃO CRIAR CONTA CORRENTE...
DEBUG: LIDO INT: 1
DEBUG: Tentando ler SALÁRIO...
DEBUG: LIDO DOUBLE: 2500.0
DEBUG: Tentando ler OPÇÃO CRIAR CONTA POUPANÇA...
DEBUG: LIDO INT: 1
DEBUG: Tentando ler RENDIMENTO...
DEBUG: LIDO DOUBLE: 0.004
]]></system-err>
  </testcase>
  <testcase name="CTF01_cadastrarPessoaFisicaContaCorrenteComDepositoInicial" classname="com.banco.CadastroTest" time="0.003">
    <system-err><![CDATA[DEBUG: Tentando ler a AGÊNCIA...
DEBUG: LIDO INT: 1
DEBUG: Tentando ler o NOME...
DEBUG: Tentando ler OPÇÃO TIPO DE PESSOA...
DEBUG: LIDO INT: 2
DEBUG: Tentando ler CPF...
DEBUG: LIDO LONG: 12345678901
DEBUG: Tentando ler OPÇÃO CRIAR CONTA CORRENTE...
DEBUG: LIDO INT: 1
DEBUG: Tentando ler SALÁRIO...
DEBUG: LIDO DOUBLE: 1000.0
DEBUG: Tentando ler OPÇÃO CRIAR CONTA POUPANÇA...
DEBUG: LIDO INT: 2
]]></system-err>
  </testcase>
  <testcase name="CTF02_cadastrarPessoaJuridicaContaPoupanca" classname="com.banco.CadastroTest" time="0.004">
    <system-err><![CDATA[DEBUG: Tentando ler a AGÊNCIA...
DEBUG: LIDO INT: 2
DEBUG: Tentando ler o NOME...
DEBUG: Tentando ler OPÇÃO TIPO DE PESSOA...
DEBUG: LIDO INT: 1
DEBUG: Tentando ler CNPJ...
DEBUG: LIDO LONG: 12345678000199
DEBUG: Tentando ler OPÇÃO CRIAR CONTA CORRENTE...
DEBUG: LIDO INT: 2
DEBUG: Tentando ler OPÇÃO CRIAR CONTA POUPANÇA...
DEBUG: LIDO INT: 1
DEBUG: Tentando ler RENDIMENTO...
DEBUG: LIDO DOUBLE: 0.005
]]></system-err>
  </testcase>
</testsuite>